INFO  2025-10-28 16:45:39.290 [-main][*][o.noear.solon.Solon]: 
App: Start loading
INFO  2025-10-28 16:45:39.763 [-main][*][o.n.n.c.InfoUtils]: 
Nami: Bind the service com.jgdsun.qms.service.Ims4Service to url(${ims4.url})
INFO  2025-10-28 16:45:40.079 [-main][*][o.n.s.s.s.i.SmHttpPlugin]: 
solon.connector:main: smarthttp: Started ServerConnector@{HTTP/1.1,[http/1.1]}{http://localhost:8080}
INFO  2025-10-28 16:45:40.079 [-main][*][o.n.s.s.s.i.SmHttpPlugin]: 
Server:main: smarthttp: Started (smart http 2.5/3.6.0) @298ms
INFO  2025-10-28 16:45:40.079 [-main][*][o.n.s.s.s.JobManager]: 
JobManager started, job.size=1
INFO  2025-10-28 16:45:40.081 [-main][*][o.noear.solon.Solon]: 
App: End loading elapsed=1018ms pid=9308 v=3.6.0
INFO  2025-10-28 16:45:40.260 [-Solon-scheduledExecutor-1][*][@job:remoteJob][c.e.q.c.u.EasyDatabaseUtil]: 
check db sql:select 1 from information_schema.schemata where schema_name='ibms_xxgt'
WARN  2025-10-28 16:45:40.425 [-Solon-scheduledExecutor-1][*][@job:remoteJob][o.n.s.s.s.SimpleScheduler]: 
Invoke failed: remoteJob
org.noear.solon.scheduling.ScheduledException: java.lang.IllegalArgumentException: Illegal character in path at index 1: ${ims4.url}/ims4/backend/terminal/search-by-condition
	at org.noear.solon.scheduling.scheduled.proxy.JobHandlerMethodProxy.handle(JobHandlerMethodProxy.java:48)
	at org.noear.solon.scheduling.scheduled.JobHolder.handle(JobHolder.java:113)
	at org.noear.solon.scheduling.simple.SimpleScheduler.exec0(SimpleScheduler.java:198)
	at java.util.concurrent.Executors$RunnableAdapter.call(Executors.java:511)
	at java.util.concurrent.FutureTask.runAndReset(FutureTask.java:308)
	at java.util.concurrent.ScheduledThreadPoolExecutor$ScheduledFutureTask.access$301(ScheduledThreadPoolExecutor.java:180)
	at java.util.concurrent.ScheduledThreadPoolExecutor$ScheduledFutureTask.run(ScheduledThreadPoolExecutor.java:294)
	at java.util.concurrent.ThreadPoolExecutor.runWorker(ThreadPoolExecutor.java:1149)
	at java.util.concurrent.ThreadPoolExecutor$Worker.run(ThreadPoolExecutor.java:624)
	at java.lang.Thread.run(Thread.java:748)
Caused by: java.lang.IllegalArgumentException: Illegal character in path at index 1: ${ims4.url}/ims4/backend/terminal/search-by-condition
	at java.net.URI.create(URI.java:852)
	at org.noear.nami.Context.<init>(Context.java:78)
	at org.noear.nami.Invocation.<init>(Invocation.java:33)
	at org.noear.nami.Nami.callOrThrow(Nami.java:137)
	at org.noear.nami.NamiHandler.invoke(NamiHandler.java:299)
	at com.sun.proxy.$Proxy17.searchByCondition(Unknown Source)
	at com.jgdsun.qms.service.Ims4HandlerService.initDevice(Ims4HandlerService.java:43)
	at com.jgdsun.qms.service.JobBeanService.remoteJob(JobBeanService.java:29)
	at sun.reflect.NativeMethodAccessorImpl.invoke0(Native Method)
	at sun.reflect.NativeMethodAccessorImpl.invoke(NativeMethodAccessorImpl.java:62)
	at sun.reflect.DelegatingMethodAccessorImpl.invoke(DelegatingMethodAccessorImpl.java:43)
	at java.lang.reflect.Method.invoke(Method.java:498)
	at org.noear.solon.core.wrap.MethodWrap.invoke(MethodWrap.java:272)
	at org.noear.solon.core.wrap.MethodWrap.doIntercept(MethodWrap.java:261)
	at org.noear.solon.core.aspect.InterceptorEntity.doIntercept(InterceptorEntity.java:55)
	at org.noear.solon.core.aspect.Invocation.invoke(Invocation.java:134)
	at org.noear.solon.core.wrap.MethodWrap.invokeByAspect(MethodWrap.java:287)
	at org.noear.solon.core.handle.MethodHandler.handle(MethodHandler.java:54)
	at org.noear.solon.scheduling.scheduled.proxy.JobHandlerMethodProxy.handle(JobHandlerMethodProxy.java:41)
	... 9 common frames omitted
Caused by: java.net.URISyntaxException: Illegal character in path at index 1: ${ims4.url}/ims4/backend/terminal/search-by-condition
	at java.net.URI$Parser.fail(URI.java:2848)
	at java.net.URI$Parser.checkChars(URI.java:3021)
	at java.net.URI$Parser.parseHierarchical(URI.java:3105)
	at java.net.URI$Parser.parse(URI.java:3063)
	at java.net.URI.<init>(URI.java:588)
	at java.net.URI.create(URI.java:850)
	... 27 common frames omitted
INFO  2025-10-28 16:45:46.491 [-Thread-1][*][o.n.s.s.s.i.SmHttpPlugin]: 
Server:main: smarthttp: Has Stopped (smart http 2.5/3.6.0)
INFO  2025-10-28 16:45:46.492 [-Thread-1][*][o.n.s.s.s.JobManager]: 
JobManager stopped
INFO  2025-10-28 16:45:46.495 [-Thread-1][*][o.noear.solon.Solon]: 
App: Stopped
INFO  2025-10-28 17:01:46.263 [-main][*][o.noear.solon.Solon]: 
App: Start loading
INFO  2025-10-28 17:01:46.676 [-main][*][o.n.n.c.InfoUtils]: 
Nami: Bind the service com.jgdsun.qms.service.Ims4Service to url(http://172.16.102.201)
INFO  2025-10-28 17:01:46.966 [-main][*][o.n.s.s.s.i.SmHttpPlugin]: 
solon.connector:main: smarthttp: Started ServerConnector@{HTTP/1.1,[http/1.1]}{http://localhost:8080}
INFO  2025-10-28 17:01:46.967 [-main][*][o.n.s.s.s.i.SmHttpPlugin]: 
Server:main: smarthttp: Started (smart http 2.5/3.6.0) @272ms
INFO  2025-10-28 17:01:46.967 [-main][*][o.n.s.s.s.JobManager]: 
JobManager started, job.size=1
INFO  2025-10-28 17:01:46.969 [-main][*][o.noear.solon.Solon]: 
App: End loading elapsed=883ms pid=17924 v=3.6.0
INFO  2025-10-28 17:01:47.103 [-Solon-scheduledExecutor-1][*][@job:remoteJob][c.e.q.c.u.EasyDatabaseUtil]: 
check db sql:select 1 from information_schema.schemata where schema_name='ibms_xxgt'
INFO  2025-10-28 17:02:04.913 [-Thread-1][*][o.n.s.s.s.i.SmHttpPlugin]: 
Server:main: smarthttp: Has Stopped (smart http 2.5/3.6.0)
INFO  2025-10-28 17:02:04.914 [-Thread-1][*][o.n.s.s.s.JobManager]: 
JobManager stopped
INFO  2025-10-28 17:02:04.916 [-Thread-1][*][o.noear.solon.Solon]: 
App: Stopped
INFO  2025-10-28 17:02:31.148 [-main][*][o.noear.solon.Solon]: 
App: Start loading
INFO  2025-10-28 17:02:31.558 [-main][*][o.n.n.c.InfoUtils]: 
Nami: Bind the service com.jgdsun.qms.service.Ims4Service to url(http://172.16.102.201)
INFO  2025-10-28 17:02:31.852 [-main][*][o.n.s.s.s.i.SmHttpPlugin]: 
solon.connector:main: smarthttp: Started ServerConnector@{HTTP/1.1,[http/1.1]}{http://localhost:8080}
INFO  2025-10-28 17:02:31.853 [-main][*][o.n.s.s.s.i.SmHttpPlugin]: 
Server:main: smarthttp: Started (smart http 2.5/3.6.0) @278ms
INFO  2025-10-28 17:02:31.853 [-main][*][o.n.s.s.s.JobManager]: 
JobManager started, job.size=1
INFO  2025-10-28 17:02:31.855 [-main][*][o.noear.solon.Solon]: 
App: End loading elapsed=919ms pid=14428 v=3.6.0
INFO  2025-10-28 17:02:31.979 [-Solon-scheduledExecutor-1][*][@job:remoteJob][c.e.q.c.u.EasyDatabaseUtil]: 
check db sql:select 1 from information_schema.schemata where schema_name='ibms_xxgt'
INFO  2025-10-28 17:02:36.756 [-Thread-1][*][o.n.s.s.s.i.SmHttpPlugin]: 
Server:main: smarthttp: Has Stopped (smart http 2.5/3.6.0)
INFO  2025-10-28 17:02:36.756 [-Thread-1][*][o.n.s.s.s.JobManager]: 
JobManager stopped
INFO  2025-10-28 17:02:36.759 [-Thread-1][*][o.noear.solon.Solon]: 
App: Stopped
INFO  2025-10-28 17:05:45.361 [-main][*][o.noear.solon.Solon]: 
App: Start loading
INFO  2025-10-28 17:05:45.785 [-main][*][o.n.n.c.InfoUtils]: 
Nami: Bind the service com.jgdsun.qms.service.Ims4Service to url(http://172.16.102.201)
INFO  2025-10-28 17:05:46.079 [-main][*][o.n.s.s.s.i.SmHttpPlugin]: 
solon.connector:main: smarthttp: Started ServerConnector@{HTTP/1.1,[http/1.1]}{http://localhost:8888}
INFO  2025-10-28 17:05:46.079 [-main][*][o.n.s.s.s.i.SmHttpPlugin]: 
Server:main: smarthttp: Started (smart http 2.5/3.6.0) @279ms
INFO  2025-10-28 17:05:46.081 [-main][*][o.n.s.s.s.JobManager]: 
JobManager started, job.size=1
INFO  2025-10-28 17:05:46.082 [-main][*][o.noear.solon.Solon]: 
App: End loading elapsed=917ms pid=6576 v=3.6.0
INFO  2025-10-28 17:05:46.211 [-Solon-scheduledExecutor-1][*][@job:remoteJob][c.e.q.c.u.EasyDatabaseUtil]: 
check db sql:select 1 from information_schema.schemata where schema_name='ibms_xxgt'
INFO  2025-10-28 17:05:48.104 [-Thread-1][*][o.n.s.s.s.i.SmHttpPlugin]: 
Server:main: smarthttp: Has Stopped (smart http 2.5/3.6.0)
INFO  2025-10-28 17:05:48.104 [-Thread-1][*][o.n.s.s.s.JobManager]: 
JobManager stopped
INFO  2025-10-28 17:05:48.105 [-Thread-1][*][o.noear.solon.Solon]: 
App: Stopped
INFO  2025-10-28 17:19:46.523 [-main][*][o.noear.solon.Solon]: 
App: Start loading
INFO  2025-10-28 17:19:46.937 [-main][*][o.n.n.c.InfoUtils]: 
Nami: Bind the service com.jgdsun.qms.service.Ims4Service to url(http://47.103.216.72:9116)
INFO  2025-10-28 17:19:47.229 [-main][*][o.n.s.s.s.i.SmHttpPlugin]: 
solon.connector:main: smarthttp: Started ServerConnector@{HTTP/1.1,[http/1.1]}{http://localhost:8888}
INFO  2025-10-28 17:19:47.230 [-main][*][o.n.s.s.s.i.SmHttpPlugin]: 
Server:main: smarthttp: Started (smart http 2.5/3.6.0) @274ms
INFO  2025-10-28 17:19:47.230 [-main][*][o.n.s.s.s.JobManager]: 
JobManager started, job.size=1
INFO  2025-10-28 17:19:47.231 [-main][*][o.noear.solon.Solon]: 
App: End loading elapsed=874ms pid=6656 v=3.6.0
INFO  2025-10-28 17:19:47.355 [-Solon-scheduledExecutor-1][*][@job:remoteJob][c.e.q.c.u.EasyDatabaseUtil]: 
check db sql:select 1 from information_schema.schemata where schema_name='ibms_xxgt'
INFO  2025-10-28 17:20:53.904 [-Thread-1][*][o.n.s.s.s.i.SmHttpPlugin]: 
Server:main: smarthttp: Has Stopped (smart http 2.5/3.6.0)
INFO  2025-10-28 17:20:53.904 [-Thread-1][*][o.n.s.s.s.JobManager]: 
JobManager stopped
INFO  2025-10-28 17:20:53.907 [-Thread-1][*][o.noear.solon.Solon]: 
App: Stopped
INFO  2025-10-28 17:21:00.827 [-main][*][o.noear.solon.Solon]: 
App: Start loading
INFO  2025-10-28 17:21:01.267 [-main][*][o.n.n.c.InfoUtils]: 
Nami: Bind the service com.jgdsun.qms.service.Ims4Service to url(http://47.103.216.72:9116)
INFO  2025-10-28 17:21:01.572 [-main][*][o.n.s.s.s.i.SmHttpPlugin]: 
solon.connector:main: smarthttp: Started ServerConnector@{HTTP/1.1,[http/1.1]}{http://localhost:8888}
INFO  2025-10-28 17:21:01.572 [-main][*][o.n.s.s.s.i.SmHttpPlugin]: 
Server:main: smarthttp: Started (smart http 2.5/3.6.0) @286ms
INFO  2025-10-28 17:21:01.572 [-main][*][o.n.s.s.s.JobManager]: 
JobManager started, job.size=1
INFO  2025-10-28 17:21:01.573 [-main][*][o.noear.solon.Solon]: 
App: End loading elapsed=931ms pid=4268 v=3.6.0
INFO  2025-10-28 17:21:01.746 [-Solon-scheduledExecutor-1][*][@job:remoteJob][c.e.q.c.u.EasyDatabaseUtil]: 
check db sql:select 1 from information_schema.schemata where schema_name='ibms_xxgt'
INFO  2025-10-28 17:21:16.049 [-Thread-1][*][o.n.s.s.s.i.SmHttpPlugin]: 
Server:main: smarthttp: Has Stopped (smart http 2.5/3.6.0)
INFO  2025-10-28 17:21:16.049 [-Thread-1][*][o.n.s.s.s.JobManager]: 
JobManager stopped
INFO  2025-10-28 17:21:16.070 [-Thread-1][*][o.noear.solon.Solon]: 
App: Stopped
